API Name: cancelDelivery
Timestamp: 20250323_175806

=== Original Request ===
{
  "Verify" : {
    "Clientid" : "David",
    "Token" : "w1FBC42XNTjQ1C4y65sA"
  },
  "CorpBillidDatas" : [ {
    "CorpBillid" : "EYT5032303309SZ"
  } ]
}

=== Modified Request ===
{
  "Verify" : {
    "Clientid" : "BetaLogisz",
    "Token" : "RFRESA==eV9dlEHB9uG8bIwv2p0g"
  },
  "CorpBillidDatas" : [ {
    "CorpBillid" : "EYT5032303309SZ"
  } ]
}

=== Response ===
{"statusCode":"error","message":"请检查请求的Json数据格式中是否包含 [Verify] 和 [CorpBillid]字段,注意区分大小写！"}
