API Name: printOrderInvoice
Timestamp: 20250323_173748

=== Original Request ===
{
  "OrderType" : null,
  "Verify" : {
    "Clientid" : "David",
    "Token" : "w1FBC42XNTjQ1C4y65sA"
  },
  "CorpBillidDatas" : [ {
    "CorpBillid" : "EYT5032303309SZ"
  } ]
}

=== Modified Request ===
{
  "Verify" : {
    "Clientid" : "BetaLogisz",
    "Token" : "RFRESA==eV9dlEHB9uG8bIwv2p0g"
  },
  "CorpBillidDatas" : [ {
    "CorpBillid" : "EYT5032303309SZ"
  } ]
}

=== Response ===
{"statusCode":"error","message":"传入的订单号系统中不存，可能已被删除或不是当前客户的订单！"}
