API Name: printOrderLabel
Timestamp: 20250324_163859

=== Original Request ===
{
  "Verify" : {
    "Clientid" : "David",
    "Token" : "w1FBC42XNTjQ1C4y65sA"
  },
  "CorpBillidDatas" : [ {
    "CorpBillid" : "EYT5032303309SZ"
  } ],
  "OrderType" : "2",
  "PrintPaper" : "label",
  "PrintContent" : "1,2,3,4",
  "IsPrintByGoodsnum" : ""
}

=== Modified Request ===
{
  "Verify" : {
    "Clientid" : "BetaLogisz",
    "Token" : "RFRESA==eV9dlEHB9uG8bIwv2p0g"
  },
  "CorpBillidDatas" : [ {
    "CorpBillid" : "EYT5032303309SZ"
  } ],
  "OrderType" : "2",
  "PrintPaper" : "label",
  "PrintContent" : "1,2,3,4",
  "IsPrintByGoodsnum" : ""
}

=== Response ===
{"statusCode":"success","url":"https://mall-demo.com/OrderLabel/printLabel.pdf","perUrl":["https://dtdh.kingtrans.net/upload/eorderlabel/2025-03-23/EYT5032303309SZ//01805114342845_AWB.PDF"],"notExistsCorpbillid":"","message":""}
