API Name: searchPrice
Timestamp: 20250323_173000

=== Original Request ===
{
  "Verify" : {
    "Clientid" : "David",
    "Token" : "w1FBC42XNTjQ1C4y65sA"
  },
  "Data" : {
    "CountryCode" : "US",
    "Weight" : 11.0,
    "GoodsType" : "WPX",
    "PostCode" : null,
    "TrackNumber" : null
  }
}

=== Modified Request ===
{
  "Verify" : {
    "Clientid" : "BetaLogisz",
    "Token" : "RFRESA==eV9dlEHB9uG8bIwv2p0g"
  },
  "Data" : {
    "CountryCode" : "US",
    "Weight" : 11.0,
    "GoodsType" : "WPX",
    "PostCode" : null,
    "TrackNumber" : null
  }
}

=== Response ===
{"statusCode":"success","returnDatas":[]}
